Determining if the pthread_create exist failed with the following output:
Change Dir: /home/rahul/git_ws/AuE893Spring20_NararahariRahulM/assignment2/build/CMakeFiles/CMakeTmp

Run Build Command:"/usr/bin/make" "cmTC_2a37d/fast"
/usr/bin/make -f CMakeFiles/cmTC_2a37d.dir/build.make CMakeFiles/cmTC_2a37d.dir/build
make[1]: Entering directory '/home/rahul/git_ws/AuE893Spring20_NararahariRahulM/assignment2/build/CMakeFiles/CMakeTmp'
Building C object CMakeFiles/cmTC_2a37d.dir/CheckSymbolExists.c.o
/usr/bin/cc     -o CMakeFiles/cmTC_2a37d.dir/CheckSymbolExists.c.o   -c /home/rahul/git_ws/AuE893Spring20_NararahariRahulM/assignment2/build/CMakeFiles/CMakeTmp/CheckSymbolExists.c
Linking C executable cmTC_2a37d
/usr/bin/cmake -E cmake_link_script CMakeFiles/cmTC_2a37d.dir/link.txt --verbose=1
/usr/bin/cc       CMakeFiles/cmTC_2a37d.dir/CheckSymbolExists.c.o  -o cmTC_2a37d -rdynamic 
CMakeFiles/cmTC_2a37d.dir/CheckSymbolExists.c.o: In function `main':
CheckSymbolExists.c:(.text+0x16): undefined reference to `pthread_create'
collect2: error: ld returned 1 exit status
CMakeFiles/cmTC_2a37d.dir/build.make:97: recipe for target 'cmTC_2a37d' failed
make[1]: *** [cmTC_2a37d] Error 1
make[1]: Leaving directory '/home/rahul/git_ws/AuE893Spring20_NararahariRahulM/assignment2/build/CMakeFiles/CMakeTmp'
Makefile:126: recipe for target 'cmTC_2a37d/fast' failed
make: *** [cmTC_2a37d/fast] Error 2

File /home/rahul/git_ws/AuE893Spring20_NararahariRahulM/assignment2/build/CMakeFiles/CMakeTmp/CheckSymbolExists.c:
/* */
#include <pthread.h>

int main(int argc, char** argv)
{
  (void)argv;
#ifndef pthread_create
  return ((int*)(&pthread_create))[argc];
#else
  (void)argc;
  return 0;
#endif
}

Determining if the function pthread_create exists in the pthreads failed with the following output:
Change Dir: /home/rahul/git_ws/AuE893Spring20_NararahariRahulM/assignment2/build/CMakeFiles/CMakeTmp

Run Build Command:"/usr/bin/make" "cmTC_5260c/fast"
/usr/bin/make -f CMakeFiles/cmTC_5260c.dir/build.make CMakeFiles/cmTC_5260c.dir/build
make[1]: Entering directory '/home/rahul/git_ws/AuE893Spring20_NararahariRahulM/assignment2/build/CMakeFiles/CMakeTmp'
Building C object CMakeFiles/cmTC_5260c.dir/CheckFunctionExists.c.o
/usr/bin/cc    -DCHECK_FUNCTION_EXISTS=pthread_create   -o CMakeFiles/cmTC_5260c.dir/CheckFunctionExists.c.o   -c /usr/share/cmake-3.5/Modules/CheckFunctionExists.c
Linking C executable cmTC_5260c
/usr/bin/cmake -E cmake_link_script CMakeFiles/cmTC_5260c.dir/link.txt --verbose=1
/usr/bin/cc   -DCHECK_FUNCTION_EXISTS=pthread_create    CMakeFiles/cmTC_5260c.dir/CheckFunctionExists.c.o  -o cmTC_5260c -rdynamic -lpthreads 
/usr/bin/ld: cannot find -lpthreads
collect2: error: ld returned 1 exit status
CMakeFiles/cmTC_5260c.dir/build.make:97: recipe for target 'cmTC_5260c' failed
make[1]: *** [cmTC_5260c] Error 1
make[1]: Leaving directory '/home/rahul/git_ws/AuE893Spring20_NararahariRahulM/assignment2/build/CMakeFiles/CMakeTmp'
Makefile:126: recipe for target 'cmTC_5260c/fast' failed
make: *** [cmTC_5260c/fast] Error 2


